{"uuid":"f0050915-d295-4fba-b362-241dfb8785fb","historyId":"e215ac0224c890df307ab786facf7f9e","fullName":"selenium.RozetkaTest.checkThatThePriceOFProductHigherThanGivenPrice","labels":[{"name":"package","value":"selenium.RozetkaTest"},{"name":"testClass","value":"selenium.RozetkaTest"},{"name":"testMethod","value":"checkThatThePriceOFProductHigherThanGivenPrice"},{"name":"parentSuite","value":"Default Suite"},{"name":"suite","value":"PageObjectMavenWithReports"},{"name":"subSuite","value":"selenium.RozetkaTest"},{"name":"host","value":"DESKTOP-V8L1JQM"},{"name":"thread","value":"15248@DESKTOP-V8L1JQM.TestNG-PoolService-0(14)"},{"name":"framework","value":"testng"},{"name":"language","value":"java"}],"links":[],"name":"checkThatThePriceOFProductHigherThanGivenPrice","status":"failed","statusDetails":{"known":false,"muted":false,"flaky":false,"message":"expected [true] but found [false]","trace":"java.lang.AssertionError: expected [true] but found [false]\r\n\tat org.testng.Assert.fail(Assert.java:110)\r\n\tat org.testng.Assert.failNotEquals(Assert.java:1413)\r\n\tat org.testng.Assert.assertTrue(Assert.java:56)\r\n\tat org.testng.Assert.assertTrue(Assert.java:66)\r\n\tat selenium.asserts.PriceAsserter.compareThatThePriceHigherThenGivenSum(PriceAsserter.java:18)\r\n\tat selenium.RozetkaTest.checkThatThePriceOFProductHigherThanGivenPrice(RozetkaTest.java:38)\r\n\tat sun.reflect.NativeMethodAccessorImpl.invoke0(Native Method)\r\n\tat sun.reflect.NativeMethodAccessorImpl.invoke(NativeMethodAccessorImpl.java:62)\r\n\tat sun.reflect.DelegatingMethodAccessorImpl.invoke(DelegatingMethodAccessorImpl.java:43)\r\n\tat java.lang.reflect.Method.invoke(Method.java:498)\r\n\tat org.testng.internal.invokers.MethodInvocationHelper.invokeMethod(MethodInvocationHelper.java:135)\r\n\tat org.testng.internal.invokers.TestInvoker.invokeMethod(TestInvoker.java:673)\r\n\tat org.testng.internal.invokers.TestInvoker.invokeTestMethod(TestInvoker.java:220)\r\n\tat org.testng.internal.invokers.TestMethodWithDataProviderMethodWorker.call(TestMethodWithDataProviderMethodWorker.java:80)\r\n\tat org.testng.internal.invokers.TestMethodWithDataProviderMethodWorker.call(TestMethodWithDataProviderMethodWorker.java:17)\r\n\tat java.util.concurrent.FutureTask.run(FutureTask.java:266)\r\n\tat java.util.concurrent.Executors$RunnableAdapter.call(Executors.java:511)\r\n\tat java.util.concurrent.FutureTask.run(FutureTask.java:266)\r\n\tat java.util.concurrent.ThreadPoolExecutor.runWorker(ThreadPoolExecutor.java:1149)\r\n\tat java.util.concurrent.ThreadPoolExecutor$Worker.run(ThreadPoolExecutor.java:624)\r\n\tat java.lang.Thread.run(Thread.java:748)\r\n"},"stage":"finished","steps":[{"name":"Navigate to  URL page","status":"passed","stage":"finished","steps":[],"attachments":[],"parameters":[],"start":1655014049619,"stop":1655014055394},{"name":"Input [ноутбуки] of a product","status":"passed","stage":"finished","steps":[],"attachments":[],"parameters":[{"name":"name","value":"ноутбуки"}],"start":1655014055460,"stop":1655014062929},{"name":"Buy product","status":"passed","stage":"finished","steps":[],"attachments":[],"parameters":[],"start":1655014062930,"stop":1655014080732},{"name":"Verify price of the product with given [{filter.getSum()}]","status":"failed","statusDetails":{"known":false,"muted":false,"flaky":false,"message":"expected [true] but found [false]","trace":"java.lang.AssertionError: expected [true] but found [false]\r\n\tat org.testng.Assert.fail(Assert.java:110)\r\n\tat org.testng.Assert.failNotEquals(Assert.java:1413)\r\n\tat org.testng.Assert.assertTrue(Assert.java:56)\r\n\tat org.testng.Assert.assertTrue(Assert.java:66)\r\n\tat selenium.asserts.PriceAsserter.compareThatThePriceHigherThenGivenSum(PriceAsserter.java:18)\r\n\tat selenium.RozetkaTest.checkThatThePriceOFProductHigherThanGivenPrice(RozetkaTest.java:38)\r\n\tat sun.reflect.NativeMethodAccessorImpl.invoke0(Native Method)\r\n\tat sun.reflect.NativeMethodAccessorImpl.invoke(NativeMethodAccessorImpl.java:62)\r\n\tat sun.reflect.DelegatingMethodAccessorImpl.invoke(DelegatingMethodAccessorImpl.java:43)\r\n\tat java.lang.reflect.Method.invoke(Method.java:498)\r\n\tat org.testng.internal.invokers.MethodInvocationHelper.invokeMethod(MethodInvocationHelper.java:135)\r\n\tat org.testng.internal.invokers.TestInvoker.invokeMethod(TestInvoker.java:673)\r\n\tat org.testng.internal.invokers.TestInvoker.invokeTestMethod(TestInvoker.java:220)\r\n\tat org.testng.internal.invokers.TestMethodWithDataProviderMethodWorker.call(TestMethodWithDataProviderMethodWorker.java:80)\r\n\tat org.testng.internal.invokers.TestMethodWithDataProviderMethodWorker.call(TestMethodWithDataProviderMethodWorker.java:17)\r\n\tat java.util.concurrent.FutureTask.run(FutureTask.java:266)\r\n\tat java.util.concurrent.Executors$RunnableAdapter.call(Executors.java:511)\r\n\tat java.util.concurrent.FutureTask.run(FutureTask.java:266)\r\n\tat java.util.concurrent.ThreadPoolExecutor.runWorker(ThreadPoolExecutor.java:1149)\r\n\tat java.util.concurrent.ThreadPoolExecutor$Worker.run(ThreadPoolExecutor.java:624)\r\n\tat java.lang.Thread.run(Thread.java:748)\r\n"},"stage":"finished","steps":[],"attachments":[],"parameters":[{"name":"sum","value":"50000"}],"start":1655014080733,"stop":1655014096811}],"attachments":[],"parameters":[{"name":"arg0","value":"selenium.model.Filter@631c95e9"}],"start":1655014039072,"stop":1655014096811}